Base path: C:/Program Files (x86)/Unity/Editor/Data
Pipe name: \\.\pipe\UnityShaderCompiler-2-2204
Cmd: getPlatforms
Cmd: compileSnippet
  api=5 type=0 insize=901 outsize=617 kw= ok=1
Cmd: compileSnippet
  api=9 type=1 insize=901 outsize=7 kw= ok=1
Cmd: compileSnippet
  api=9 type=0 insize=1770 outsize=10299 kw= ok=1
Cmd: compileSnippet
  api=5 type=1 insize=1770 outsize=6 kw= ok=1
Cmd: compileSnippet
  api=5 type=0 insize=1381 outsize=1452 kw= ok=1
Cmd: compileSnippet
  api=9 type=0 insize=1788 outsize=10324 kw= ok=1
Cmd: compileSnippet
  api=9 type=1 insize=1852 outsize=7 kw= ok=1
Cmd: compileSnippet
  api=9 type=0 insize=924 outsize=705 kw= ok=1
Cmd: compileSnippet
  api=9 type=1 insize=924 outsize=7 kw= ok=1
Cmd: compileSnippet
  api=9 type=0 insize=2137 outsize=11312 kw= ok=1
Cmd: compileSnippet
  api=9 type=0 insize=1252 outsize=9223 kw= ok=1
Cmd: compileSnippet
  api=9 type=1 insize=1237 outsize=7 kw= ok=1
Cmd: compileSnippet
  api=9 type=1 insize=2284 outsize=7 kw= ok=1
Cmd: compileSnippet
  api=5 type=0 insize=1051 outsize=1040 kw= ok=1
Cmd: compileSnippet
  api=9 type=0 insize=1917 outsize=11142 kw= ok=1
Unhandled exception: Readfile from pipe failed. GLE=Die Pipe wurde beendet.


Quitting shader compiler process
